<?xml version="1.0" encoding="UTF-8"?>
<testsuite xmlns:xsi="http://www.w3.org/2001/XMLSchema-instance" xsi:noNamespaceSchemaLocation="https://maven.apache.org/surefire/maven-surefire-plugin/xsd/surefire-test-report-3.0.xsd" version="3.0" name="com.studinstructor.services.StudentServiceTest" time="0.038" tests="1" errors="1" skipped="0" failures="0">
  <properties>
    <property name="env.ONEDRIVE" value="C:\Users\Munga\OneDrive"/>
    <property name="env.NUMBER_OF_PROCESSORS" value="4"/>
    <property name="env.USERPROFILE" value="C:\Users\Munga"/>
    <property name="java.specification.version" value="18"/>
    <property name="sun.cpu.isalist" value="amd64"/>
    <property name="sun.jnu.encoding" value="Cp1252"/>
    <property name="sun.arch.data.model" value="64"/>
    <property name="env.PROGRAMW6432" value="C:\Program Files"/>
    <property name="env.FPS_BROWSER_APP_PROFILE_STRING" value="Internet Explorer"/>
    <property name="java.vendor.url" value="https://java.oracle.com/"/>
    <property name="env.OS" value="Windows_NT"/>
    <property name="sun.boot.library.path" value="C:\Program Files\Java\jdk-18.0.2.1\bin"/>
    <property name="sun.java.command" value="C:\Users\Munga\AppData\Local\Temp\surefire1590453529074627350\surefirebooter-20221204131044317_3.jar C:\Users\Munga\AppData\Local\Temp\surefire1590453529074627350 2022-12-04T13-10-41_596-jvmRun1 surefire-20221204131044317_1tmp surefire_0-20221204131044317_2tmp"/>
    <property name="env.SYSTEMROOT" value="C:\WINDOWS"/>
    <property name="jdk.debug" value="release"/>
    <property name="java.specification.vendor" value="Oracle Corporation"/>
    <property name="java.version.date" value="2022-08-18"/>
    <property name="env.JAVA_HOME" value="C:\Program Files\Java\jdk-18.0.2.1"/>
    <property name="java.home" value="C:\Program Files\Java\jdk-18.0.2.1"/>
    <property name="env.PROGRAMFILES" value="C:\Program Files"/>
    <property name="file.separator" value="\"/>
    <property name="basedir" value="C:\Users\Munga\Documents\USB Drive\data-access\ejbs"/>
    <property name="java.vm.compressedOopsMode" value="32-bit"/>
    <property name="line.separator" value="&#10;"/>
    <property name="env.CLASSWORLDS_JAR" value="&quot;C:\Users\Munga\apache-maven-3.8.6\boot\plexus-classworlds-2.6.0.jar&quot;"/>
    <property name="env.PROMPT" value="$P$G"/>
    <property name="java.vm.specification.vendor" value="Oracle Corporation"/>
    <property name="java.specification.name" value="Java Platform API Specification"/>
    <property name="env.LOCALAPPDATA" value="C:\Users\Munga\AppData\Local"/>
    <property name="env.USERDOMAIN_ROAMINGPROFILE" value="DESKTOP-KMF369N"/>
    <property name="env.PROCESSOR_REVISION" value="2505"/>
    <property name="user.script" value=""/>
    <property name="sun.management.compiler" value="HotSpot 64-Bit Tiered Compilers"/>
    <property name="env.PROCESSOR_IDENTIFIER" value="Intel64 Family 6 Model 37 Stepping 5, GenuineIntel"/>
    <property name="java.runtime.version" value="18.0.2.1+1-1"/>
    <property name="env.PROGRAMDATA" value="C:\ProgramData"/>
    <property name="user.name" value="Munga"/>
    <property name="env.PATH" value="C:\Program Files\Common Files\Oracle\Java\javapath;C:\WINDOWS\system32;C:\WINDOWS;C:\WINDOWS\System32\Wbem;C:\WINDOWS\System32\WindowsPowerShell\v1.0\;C:\WINDOWS\System32\OpenSSH\;C:\Program Files\Microsoft SQL Server\130\Tools\Binn\;C:\Program Files\Microsoft SQL Server\Client SDK\ODBC\170\Tools\Binn\;C:\Program Files (x86)\Microsoft SQL Server\150\DTS\Binn\;C:\Program Files\Azure Data Studio\bin;C:\Program Files (x86)\Microsoft SQL Server\150\Tools\Binn\;C:\Program Files\Microsoft SQL Server\150\Tools\Binn\;C:\Program Files\Microsoft SQL Server\150\DTS\Binn\;C:\Program Files\dotnet\;C:\Program Files\Microsoft JDBC Driver 11.2 for SQL Server\sqljdbc_11.2\enu\mssql-jdbc-11.2.0.jre17.jar;C:\Program Files\Java\jdk-17\bin;.;C:\Users\Munga\AppData\Local\Microsoft\WindowsApps;C:\Program Files\Azure Data Studio\bin;C:\Users\Munga\AppData\Local\Programs\Microsoft VS Code\bin;C:\Users\Munga\.dotnet\tools;C:\Users\Munga\apache-ant-1.10.12\bin;C:\Users\Munga\apache-maven-3.8.6\bin;C:\Program Files\Java\jdk-17\bin;C:\Program Files\sqljdbc_11.2\enu\mssql-jdbc-11.2.0.jre17.jar;"/>
    <property name="env.EXEC_DIR" value="C:\Users\Munga\Documents\USB Drive\data-access"/>
    <property name="env.PUBLIC" value="C:\Users\Public"/>
    <property name="env.COMMONPROGRAMW6432" value="C:\Program Files\Common Files"/>
    <property name="file.encoding" value="UTF-8"/>
    <property name="env.DRIVERDATA" value="C:\Windows\System32\Drivers\DriverData"/>
    <property name="env.COMPUTERNAME" value="DESKTOP-KMF369N"/>
    <property name="env.HOMEPATH" value="\Users\Munga"/>
    <property name="env.SYSTEMDRIVE" value="C:"/>
    <property name="localRepository" value="C:\Users\Munga\.m2\repository"/>
    <property name="env.APPDATA" value="C:\Users\Munga\AppData\Roaming"/>
    <property name="env.JVMCONFIG" value="\.mvn\jvm.config"/>
    <property name="java.io.tmpdir" value="C:\Users\Munga\AppData\Local\Temp\"/>
    <property name="env.PROGRAMFILES(X86)" value="C:\Program Files (x86)"/>
    <property name="java.version" value="18.0.2.1"/>
    <property name="env.PROCESSOR_LEVEL" value="6"/>
    <property name="env.HOMEDRIVE" value="C:"/>
    <property name="env.PSMODULEPATH" value="C:\Program Files\WindowsPowerShell\Modules;C:\WINDOWS\system32\WindowsPowerShell\v1.0\Modules;C:\Program Files (x86)\Microsoft SQL Server\150\Tools\PowerShell\Modules\"/>
    <property name="env.TMP" value="C:\Users\Munga\AppData\Local\Temp"/>
    <property name="java.vm.specification.name" value="Java Virtual Machine Specification"/>
    <property name="sun.os.patch.level" value=""/>
    <property name="native.encoding" value="Cp1252"/>
    <property name="env.%SYSCONFDIR%" value="C:\OpenLDAP"/>
    <property name="java.library.path" value="C:\Program Files\Java\jdk-18.0.2.1\bin;C:\WINDOWS\Sun\Java\bin;C:\WINDOWS\system32;C:\WINDOWS;C:\Program Files\Common Files\Oracle\Java\javapath;C:\WINDOWS\system32;C:\WINDOWS;C:\WINDOWS\System32\Wbem;C:\WINDOWS\System32\WindowsPowerShell\v1.0\;C:\WINDOWS\System32\OpenSSH\;C:\Program Files\Microsoft SQL Server\130\Tools\Binn\;C:\Program Files\Microsoft SQL Server\Client SDK\ODBC\170\Tools\Binn\;C:\Program Files (x86)\Microsoft SQL Server\150\DTS\Binn\;C:\Program Files\Azure Data Studio\bin;C:\Program Files (x86)\Microsoft SQL Server\150\Tools\Binn\;C:\Program Files\Microsoft SQL Server\150\Tools\Binn\;C:\Program Files\Microsoft SQL Server\150\DTS\Binn\;C:\Program Files\dotnet\;C:\Program Files\Microsoft JDBC Driver 11.2 for SQL Server\sqljdbc_11.2\enu\mssql-jdbc-11.2.0.jre17.jar;C:\Program Files\Java\jdk-17\bin;.;C:\Users\Munga\AppData\Local\Microsoft\WindowsApps;C:\Program Files\Azure Data Studio\bin;C:\Users\Munga\AppData\Local\Programs\Microsoft VS Code\bin;C:\Users\Munga\.dotnet\tools;C:\Users\Munga\apache-ant-1.10.12\bin;C:\Users\Munga\apache-maven-3.8.6\bin;C:\Program Files\Java\jdk-17\bin;C:\Program Files\sqljdbc_11.2\enu\mssql-jdbc-11.2.0.jre17.jar;;."/>
    <property name="java.vendor" value="Oracle Corporation"/>
    <property name="env.LOGONSERVER" value="\\DESKTOP-KMF369N"/>
    <property name="env.ERROR_CODE" value="0"/>
    <property name="sun.io.unicode.encoding" value="UnicodeLittle"/>
    <property name="env.WINDIR" value="C:\WINDOWS"/>
    <property name="java.class.path" value="C:\Users\Munga\Documents\USB Drive\data-access\ejbs\target\test-classes;C:\Users\Munga\Documents\USB Drive\data-access\ejbs\target\classes;C:\Users\Munga\.m2\repository\jakarta\annotation\jakarta.annotation-api\2.1.1\jakarta.annotation-api-2.1.1.jar;C:\Users\Munga\.m2\repository\jakarta\ejb\jakarta.ejb-api\4.0.1\jakarta.ejb-api-4.0.1.jar;C:\Users\Munga\.m2\repository\jakarta\transaction\jakarta.transaction-api\2.0.0\jakarta.transaction-api-2.0.0.jar;C:\Users\Munga\.m2\repository\org\glassfish\main\common\glassfish-api\6.2.5\glassfish-api-6.2.5.jar;C:\Users\Munga\.m2\repository\jakarta\xml\bind\jakarta.xml.bind-api\3.0.1\jakarta.xml.bind-api-3.0.1.jar;C:\Users\Munga\.m2\repository\com\sun\xml\bind\jaxb-osgi\3.0.2\jaxb-osgi-3.0.2.jar;C:\Users\Munga\.m2\repository\com\sun\activation\jakarta.activation\2.0.1\jakarta.activation-2.0.1.jar;C:\Users\Munga\.m2\repository\org\glassfish\main\common\scattered-archive-api\6.2.5\scattered-archive-api-6.2.5.jar;C:\Users\Munga\.m2\repository\org\glassfish\main\grizzly\nucleus-grizzly-all\6.2.5\nucleus-grizzly-all-6.2.5.jar;C:\Users\Munga\.m2\repository\org\glassfish\grizzly\grizzly-framework\3.0.1\grizzly-framework-3.0.1.jar;C:\Users\Munga\.m2\repository\org\glassfish\grizzly\grizzly-portunif\3.0.1\grizzly-portunif-3.0.1.jar;C:\Users\Munga\.m2\repository\org\glassfish\grizzly\grizzly-http\3.0.1\grizzly-http-3.0.1.jar;C:\Users\Munga\.m2\repository\org\glassfish\grizzly\grizzly-http2\3.0.1\grizzly-http2-3.0.1.jar;C:\Users\Munga\.m2\repository\org\glassfish\grizzly\grizzly-http-server\3.0.1\grizzly-http-server-3.0.1.jar;C:\Users\Munga\.m2\repository\org\glassfish\main\grizzly\grizzly-config\6.2.5\grizzly-config-6.2.5.jar;C:\Users\Munga\.m2\repository\org\glassfish\main\hk2\config-types\6.2.5\config-types-6.2.5.jar;C:\Users\Munga\.m2\repository\org\glassfish\corba\glassfish-corba-omgapi\4.2.4\glassfish-corba-omgapi-4.2.4.jar;C:\Users\Munga\.m2\repository\org\glassfish\external\management-api\3.2.3\management-api-3.2.3.jar;C:\Users\Munga\.m2\repository\org\glassfish\hk2\hk2-utils\3.0.3\hk2-utils-3.0.3.jar;C:\Users\Munga\.m2\repository\jakarta\inject\jakarta.inject-api\2.0.0\jakarta.inject-api-2.0.0.jar;C:\Users\Munga\.m2\repository\org\glassfish\hk2\hk2\3.0.3\hk2-3.0.3.jar;C:\Users\Munga\.m2\repository\org\glassfish\hk2\hk2-runlevel\3.0.3\hk2-runlevel-3.0.3.jar;C:\Users\Munga\.m2\repository\org\glassfish\hk2\class-model\3.0.3\class-model-3.0.3.jar;C:\Users\Munga\.m2\repository\org\glassfish\hk2\hk2-api\3.0.3\hk2-api-3.0.3.jar;C:\Users\Munga\.m2\repository\org\glassfish\hk2\external\aopalliance-repackaged\3.0.3\aopalliance-repackaged-3.0.3.jar;C:\Users\Munga\.m2\repository\org\glassfish\hk2\hk2-locator\3.0.3\hk2-locator-3.0.3.jar;C:\Users\Munga\.m2\repository\org\javassist\javassist\3.27.0-GA\javassist-3.27.0-GA.jar;C:\Users\Munga\.m2\repository\org\glassfish\hk2\hk2-core\3.0.3\hk2-core-3.0.3.jar;C:\Users\Munga\.m2\repository\org\glassfish\jersey\inject\jersey-hk2\3.1.0\jersey-hk2-3.1.0.jar;C:\Users\Munga\.m2\repository\org\glassfish\jersey\core\jersey-common\3.1.0\jersey-common-3.1.0.jar;C:\Users\Munga\.m2\repository\jakarta\ws\rs\jakarta.ws.rs-api\3.1.0\jakarta.ws.rs-api-3.1.0.jar;C:\Users\Munga\.m2\repository\org\glassfish\hk2\osgi-resource-locator\1.0.3\osgi-resource-locator-1.0.3.jar;C:\Users\Munga\.m2\repository\org\glassfish\jersey\core\jersey-client\3.1.0\jersey-client-3.1.0.jar;C:\Users\Munga\.m2\repository\org\glassfish\hk2\hk2-junitrunner\3.0.3\hk2-junitrunner-3.0.3.jar;C:\Users\Munga\.m2\repository\org\ow2\asm\asm\9.2\asm-9.2.jar;C:\Users\Munga\.m2\repository\org\ow2\asm\asm-analysis\9.2\asm-analysis-9.2.jar;C:\Users\Munga\.m2\repository\org\ow2\asm\asm-commons\9.2\asm-commons-9.2.jar;C:\Users\Munga\.m2\repository\org\ow2\asm\asm-tree\9.2\asm-tree-9.2.jar;C:\Users\Munga\.m2\repository\org\ow2\asm\asm-util\9.2\asm-util-9.2.jar;C:\Users\Munga\.m2\repository\org\glassfish\main\hk2\hk2-config\6.2.5\hk2-config-6.2.5.jar;C:\Users\Munga\.m2\repository\org\glassfish\main\hk2\tiger-types\6.2.5\tiger-types-6.2.5.jar;C:\Users\Munga\.m2\repository\org\hibernate\validator\hibernate-validator\7.0.2.Final\hibernate-validator-7.0.2.Final.jar;C:\Users\Munga\.m2\repository\jakarta\validation\jakarta.validation-api\3.0.0\jakarta.validation-api-3.0.0.jar;C:\Users\Munga\.m2\repository\org\jboss\logging\jboss-logging\3.4.1.Final\jboss-logging-3.4.1.Final.jar;C:\Users\Munga\.m2\repository\com\fasterxml\classmate\1.5.1\classmate-1.5.1.jar;C:\Users\Munga\.m2\repository\org\glassfish\hk2\hk2-extras\3.0.3\hk2-extras-3.0.3.jar;C:\Users\Munga\.m2\repository\org\glassfish\hk2\hk2-metadata-generator\3.0.3\hk2-metadata-generator-3.0.3.jar;C:\Users\Munga\Documents\USB Drive\data-access\projects\data-access-layer\target\data-access-layer-1.1.0.jar;C:\Users\Munga\.m2\repository\com\microsoft\sqlserver\mssql-jdbc\11.2.0.jre11\mssql-jdbc-11.2.0.jre11.jar;C:\Users\Munga\.m2\repository\com\microsoft\azure\msal4j\1.13.0\msal4j-1.13.0.jar;C:\Users\Munga\.m2\repository\com\nimbusds\oauth2-oidc-sdk\9.35\oauth2-oidc-sdk-9.35.jar;C:\Users\Munga\.m2\repository\com\github\stephenc\jcip\jcip-annotations\1.0-1\jcip-annotations-1.0-1.jar;C:\Users\Munga\.m2\repository\com\nimbusds\content-type\2.2\content-type-2.2.jar;C:\Users\Munga\.m2\repository\com\nimbusds\lang-tag\1.6\lang-tag-1.6.jar;C:\Users\Munga\.m2\repository\com\nimbusds\nimbus-jose-jwt\9.22\nimbus-jose-jwt-9.22.jar;C:\Users\Munga\.m2\repository\net\minidev\json-smart\2.4.8\json-smart-2.4.8.jar;C:\Users\Munga\.m2\repository\net\minidev\accessors-smart\2.4.8\accessors-smart-2.4.8.jar;C:\Users\Munga\.m2\repository\org\slf4j\slf4j-api\1.7.36\slf4j-api-1.7.36.jar;C:\Users\Munga\.m2\repository\com\fasterxml\jackson\core\jackson-databind\2.13.2.1\jackson-databind-2.13.2.1.jar;C:\Users\Munga\.m2\repository\com\fasterxml\jackson\core\jackson-annotations\2.13.2\jackson-annotations-2.13.2.jar;C:\Users\Munga\.m2\repository\com\fasterxml\jackson\core\jackson-core\2.13.2\jackson-core-2.13.2.jar;C:\Users\Munga\Documents\USB Drive\data-access\primary-source\target\primary-source-1.0-SNAPSHOT.jar;C:\Users\Munga\Documents\USB Drive\data-access\projects\logging\target\logging-1.0-SNAPSHOT.jar;C:\Users\Munga\.m2\repository\org\jboss\arquillian\core\arquillian-core-api\1.7.0.Alpha13\arquillian-core-api-1.7.0.Alpha13.jar;C:\Users\Munga\.m2\repository\org\jboss\arquillian\core\arquillian-core-impl-base\1.7.0.Alpha13\arquillian-core-impl-base-1.7.0.Alpha13.jar;C:\Users\Munga\.m2\repository\org\jboss\arquillian\core\arquillian-core-spi\1.7.0.Alpha13\arquillian-core-spi-1.7.0.Alpha13.jar;C:\Users\Munga\.m2\repository\org\jboss\arquillian\test\arquillian-test-impl-base\1.7.0.Alpha13\arquillian-test-impl-base-1.7.0.Alpha13.jar;C:\Users\Munga\.m2\repository\org\jboss\arquillian\test\arquillian-test-api\1.7.0.Alpha13\arquillian-test-api-1.7.0.Alpha13.jar;C:\Users\Munga\.m2\repository\org\jboss\arquillian\test\arquillian-test-spi\1.7.0.Alpha13\arquillian-test-spi-1.7.0.Alpha13.jar;C:\Users\Munga\.m2\repository\org\jboss\arquillian\container\arquillian-container-test-api\1.7.0.Alpha13\arquillian-container-test-api-1.7.0.Alpha13.jar;C:\Users\Munga\.m2\repository\org\jboss\shrinkwrap\descriptors\shrinkwrap-descriptors-api-base\2.0.0\shrinkwrap-descriptors-api-base-2.0.0.jar;C:\Users\Munga\.m2\repository\org\jboss\arquillian\container\arquillian-container-test-spi\1.7.0.Alpha13\arquillian-container-test-spi-1.7.0.Alpha13.jar;C:\Users\Munga\.m2\repository\org\jboss\arquillian\container\arquillian-container-test-impl-base\1.7.0.Alpha13\arquillian-container-test-impl-base-1.7.0.Alpha13.jar;C:\Users\Munga\.m2\repository\org\jboss\arquillian\container\arquillian-container-spi\1.7.0.Alpha13\arquillian-container-spi-1.7.0.Alpha13.jar;C:\Users\Munga\.m2\repository\org\jboss\arquillian\config\arquillian-config-api\1.7.0.Alpha13\arquillian-config-api-1.7.0.Alpha13.jar;C:\Users\Munga\.m2\repository\org\jboss\arquillian\config\arquillian-config-spi\1.7.0.Alpha13\arquillian-config-spi-1.7.0.Alpha13.jar;C:\Users\Munga\.m2\repository\org\jboss\arquillian\config\arquillian-config-impl-base\1.7.0.Alpha13\arquillian-config-impl-base-1.7.0.Alpha13.jar;C:\Users\Munga\.m2\repository\org\jboss\shrinkwrap\descriptors\shrinkwrap-descriptors-spi\2.0.0\shrinkwrap-descriptors-spi-2.0.0.jar;C:\Users\Munga\.m2\repository\org\jboss\arquillian\junit\arquillian-junit-core\1.7.0.Alpha13\arquillian-junit-core-1.7.0.Alpha13.jar;C:\Users\Munga\.m2\repository\org\jboss\arquillian\junit\arquillian-junit-container\1.7.0.Alpha13\arquillian-junit-container-1.7.0.Alpha13.jar;C:\Users\Munga\.m2\repository\org\jboss\arquillian\container\arquillian-container-impl-base\1.7.0.Alpha13\arquillian-container-impl-base-1.7.0.Alpha13.jar;C:\Users\Munga\.m2\repository\org\jboss\shrinkwrap\shrinkwrap-impl-base\1.2.6\shrinkwrap-impl-base-1.2.6.jar;C:\Users\Munga\.m2\repository\org\jboss\shrinkwrap\shrinkwrap-api\1.2.6\shrinkwrap-api-1.2.6.jar;C:\Users\Munga\.m2\repository\org\jboss\shrinkwrap\shrinkwrap-spi\2.0.0-beta-1\shrinkwrap-spi-2.0.0-beta-1.jar;C:\Users\Munga\.m2\repository\org\jboss\arquillian\container\arquillian-glassfish-managed-6\1.0.0.Alpha1\arquillian-glassfish-managed-6-1.0.0.Alpha1.jar;C:\Users\Munga\.m2\repository\jakarta\servlet\jakarta.servlet-api\5.0.0-M1\jakarta.servlet-api-5.0.0-M1.jar;C:\Users\Munga\.m2\repository\org\jboss\arquillian\container\arquillian-glassfish6-common\1.0.0.Alpha1\arquillian-glassfish6-common-1.0.0.Alpha1.jar;C:\Users\Munga\.m2\repository\org\glassfish\jersey\media\jersey-media-multipart\3.0.0-M4\jersey-media-multipart-3.0.0-M4.jar;C:\Users\Munga\.m2\repository\org\jvnet\mimepull\mimepull\1.9.13\mimepull-1.9.13.jar;C:\Users\Munga\.m2\repository\org\jboss\arquillian\protocol\arquillian-protocol-servlet-jakarta\1.7.0.Alpha2\arquillian-protocol-servlet-jakarta-1.7.0.Alpha2.jar;C:\Users\Munga\.m2\repository\org\jboss\arquillian\testenricher\arquillian-testenricher-cdi-jakarta\1.7.0.Alpha2\arquillian-testenricher-cdi-jakarta-1.7.0.Alpha2.jar;C:\Users\Munga\.m2\repository\org\jboss\arquillian\testenricher\arquillian-testenricher-ejb-jakarta\1.7.0.Alpha2\arquillian-testenricher-ejb-jakarta-1.7.0.Alpha2.jar;C:\Users\Munga\.m2\repository\org\jboss\arquillian\testenricher\arquillian-testenricher-resource-jakarta\1.7.0.Alpha2\arquillian-testenricher-resource-jakarta-1.7.0.Alpha2.jar;C:\Users\Munga\.m2\repository\org\jboss\arquillian\testenricher\arquillian-testenricher-initialcontext\1.7.0.Alpha2\arquillian-testenricher-initialcontext-1.7.0.Alpha2.jar;C:\Users\Munga\.m2\repository\org\mockito\mockito-all\1.9.5\mockito-all-1.9.5.jar;C:\Users\Munga\.m2\repository\junit\junit\4.12\junit-4.12.jar;C:\Users\Munga\.m2\repository\org\hamcrest\hamcrest-core\1.3\hamcrest-core-1.3.jar;C:\Users\Munga\.m2\repository\javax\javaee-api\8.0.1-b5\javaee-api-8.0.1-b5.jar;C:\Users\Munga\.m2\repository\com\sun\mail\javax.mail\1.6.2\javax.mail-1.6.2.jar;C:\Users\Munga\.m2\repository\javax\activation\activation\1.1\activation-1.1.jar;"/>
    <property name="java.vm.vendor" value="Oracle Corporation"/>
    <property name="env.PROCESSOR_ARCHITECTURE" value="AMD64"/>
    <property name="env.CLASSPATH" value=".;C:\Program Files\Microsoft JDBC Driver 11.2 for SQL Server\sqljdbc_11.2\enu\mssql-jdbc-11.2.0.jre17.jar;JAVA_HOME\lib;"/>
    <property name="user.variant" value=""/>
    <property name="user.timezone" value="Africa/Nairobi"/>
    <property name="env.COMMONPROGRAMFILES" value="C:\Program Files\Common Files"/>
    <property name="java.vm.specification.version" value="18"/>
    <property name="os.name" value="Windows 10"/>
    <property name="sun.java.launcher" value="SUN_STANDARD"/>
    <property name="user.country" value="US"/>
    <property name="env.=EXITCODE" value="00000001"/>
    <property name="env.USERDOMAIN" value="DESKTOP-KMF369N"/>
    <property name="env.=::" value="::\"/>
    <property name="surefire.test.class.path" value="C:\Users\Munga\Documents\USB Drive\data-access\ejbs\target\test-classes;C:\Users\Munga\Documents\USB Drive\data-access\ejbs\target\classes;C:\Users\Munga\.m2\repository\jakarta\annotation\jakarta.annotation-api\2.1.1\jakarta.annotation-api-2.1.1.jar;C:\Users\Munga\.m2\repository\jakarta\ejb\jakarta.ejb-api\4.0.1\jakarta.ejb-api-4.0.1.jar;C:\Users\Munga\.m2\repository\jakarta\transaction\jakarta.transaction-api\2.0.0\jakarta.transaction-api-2.0.0.jar;C:\Users\Munga\.m2\repository\org\glassfish\main\common\glassfish-api\6.2.5\glassfish-api-6.2.5.jar;C:\Users\Munga\.m2\repository\jakarta\xml\bind\jakarta.xml.bind-api\3.0.1\jakarta.xml.bind-api-3.0.1.jar;C:\Users\Munga\.m2\repository\com\sun\xml\bind\jaxb-osgi\3.0.2\jaxb-osgi-3.0.2.jar;C:\Users\Munga\.m2\repository\com\sun\activation\jakarta.activation\2.0.1\jakarta.activation-2.0.1.jar;C:\Users\Munga\.m2\repository\org\glassfish\main\common\scattered-archive-api\6.2.5\scattered-archive-api-6.2.5.jar;C:\Users\Munga\.m2\repository\org\glassfish\main\grizzly\nucleus-grizzly-all\6.2.5\nucleus-grizzly-all-6.2.5.jar;C:\Users\Munga\.m2\repository\org\glassfish\grizzly\grizzly-framework\3.0.1\grizzly-framework-3.0.1.jar;C:\Users\Munga\.m2\repository\org\glassfish\grizzly\grizzly-portunif\3.0.1\grizzly-portunif-3.0.1.jar;C:\Users\Munga\.m2\repository\org\glassfish\grizzly\grizzly-http\3.0.1\grizzly-http-3.0.1.jar;C:\Users\Munga\.m2\repository\org\glassfish\grizzly\grizzly-http2\3.0.1\grizzly-http2-3.0.1.jar;C:\Users\Munga\.m2\repository\org\glassfish\grizzly\grizzly-http-server\3.0.1\grizzly-http-server-3.0.1.jar;C:\Users\Munga\.m2\repository\org\glassfish\main\grizzly\grizzly-config\6.2.5\grizzly-config-6.2.5.jar;C:\Users\Munga\.m2\repository\org\glassfish\main\hk2\config-types\6.2.5\config-types-6.2.5.jar;C:\Users\Munga\.m2\repository\org\glassfish\corba\glassfish-corba-omgapi\4.2.4\glassfish-corba-omgapi-4.2.4.jar;C:\Users\Munga\.m2\repository\org\glassfish\external\management-api\3.2.3\management-api-3.2.3.jar;C:\Users\Munga\.m2\repository\org\glassfish\hk2\hk2-utils\3.0.3\hk2-utils-3.0.3.jar;C:\Users\Munga\.m2\repository\jakarta\inject\jakarta.inject-api\2.0.0\jakarta.inject-api-2.0.0.jar;C:\Users\Munga\.m2\repository\org\glassfish\hk2\hk2\3.0.3\hk2-3.0.3.jar;C:\Users\Munga\.m2\repository\org\glassfish\hk2\hk2-runlevel\3.0.3\hk2-runlevel-3.0.3.jar;C:\Users\Munga\.m2\repository\org\glassfish\hk2\class-model\3.0.3\class-model-3.0.3.jar;C:\Users\Munga\.m2\repository\org\glassfish\hk2\hk2-api\3.0.3\hk2-api-3.0.3.jar;C:\Users\Munga\.m2\repository\org\glassfish\hk2\external\aopalliance-repackaged\3.0.3\aopalliance-repackaged-3.0.3.jar;C:\Users\Munga\.m2\repository\org\glassfish\hk2\hk2-locator\3.0.3\hk2-locator-3.0.3.jar;C:\Users\Munga\.m2\repository\org\javassist\javassist\3.27.0-GA\javassist-3.27.0-GA.jar;C:\Users\Munga\.m2\repository\org\glassfish\hk2\hk2-core\3.0.3\hk2-core-3.0.3.jar;C:\Users\Munga\.m2\repository\org\glassfish\jersey\inject\jersey-hk2\3.1.0\jersey-hk2-3.1.0.jar;C:\Users\Munga\.m2\repository\org\glassfish\jersey\core\jersey-common\3.1.0\jersey-common-3.1.0.jar;C:\Users\Munga\.m2\repository\jakarta\ws\rs\jakarta.ws.rs-api\3.1.0\jakarta.ws.rs-api-3.1.0.jar;C:\Users\Munga\.m2\repository\org\glassfish\hk2\osgi-resource-locator\1.0.3\osgi-resource-locator-1.0.3.jar;C:\Users\Munga\.m2\repository\org\glassfish\jersey\core\jersey-client\3.1.0\jersey-client-3.1.0.jar;C:\Users\Munga\.m2\repository\org\glassfish\hk2\hk2-junitrunner\3.0.3\hk2-junitrunner-3.0.3.jar;C:\Users\Munga\.m2\repository\org\ow2\asm\asm\9.2\asm-9.2.jar;C:\Users\Munga\.m2\repository\org\ow2\asm\asm-analysis\9.2\asm-analysis-9.2.jar;C:\Users\Munga\.m2\repository\org\ow2\asm\asm-commons\9.2\asm-commons-9.2.jar;C:\Users\Munga\.m2\repository\org\ow2\asm\asm-tree\9.2\asm-tree-9.2.jar;C:\Users\Munga\.m2\repository\org\ow2\asm\asm-util\9.2\asm-util-9.2.jar;C:\Users\Munga\.m2\repository\org\glassfish\main\hk2\hk2-config\6.2.5\hk2-config-6.2.5.jar;C:\Users\Munga\.m2\repository\org\glassfish\main\hk2\tiger-types\6.2.5\tiger-types-6.2.5.jar;C:\Users\Munga\.m2\repository\org\hibernate\validator\hibernate-validator\7.0.2.Final\hibernate-validator-7.0.2.Final.jar;C:\Users\Munga\.m2\repository\jakarta\validation\jakarta.validation-api\3.0.0\jakarta.validation-api-3.0.0.jar;C:\Users\Munga\.m2\repository\org\jboss\logging\jboss-logging\3.4.1.Final\jboss-logging-3.4.1.Final.jar;C:\Users\Munga\.m2\repository\com\fasterxml\classmate\1.5.1\classmate-1.5.1.jar;C:\Users\Munga\.m2\repository\org\glassfish\hk2\hk2-extras\3.0.3\hk2-extras-3.0.3.jar;C:\Users\Munga\.m2\repository\org\glassfish\hk2\hk2-metadata-generator\3.0.3\hk2-metadata-generator-3.0.3.jar;C:\Users\Munga\Documents\USB Drive\data-access\projects\data-access-layer\target\data-access-layer-1.1.0.jar;C:\Users\Munga\.m2\repository\com\microsoft\sqlserver\mssql-jdbc\11.2.0.jre11\mssql-jdbc-11.2.0.jre11.jar;C:\Users\Munga\.m2\repository\com\microsoft\azure\msal4j\1.13.0\msal4j-1.13.0.jar;C:\Users\Munga\.m2\repository\com\nimbusds\oauth2-oidc-sdk\9.35\oauth2-oidc-sdk-9.35.jar;C:\Users\Munga\.m2\repository\com\github\stephenc\jcip\jcip-annotations\1.0-1\jcip-annotations-1.0-1.jar;C:\Users\Munga\.m2\repository\com\nimbusds\content-type\2.2\content-type-2.2.jar;C:\Users\Munga\.m2\repository\com\nimbusds\lang-tag\1.6\lang-tag-1.6.jar;C:\Users\Munga\.m2\repository\com\nimbusds\nimbus-jose-jwt\9.22\nimbus-jose-jwt-9.22.jar;C:\Users\Munga\.m2\repository\net\minidev\json-smart\2.4.8\json-smart-2.4.8.jar;C:\Users\Munga\.m2\repository\net\minidev\accessors-smart\2.4.8\accessors-smart-2.4.8.jar;C:\Users\Munga\.m2\repository\org\slf4j\slf4j-api\1.7.36\slf4j-api-1.7.36.jar;C:\Users\Munga\.m2\repository\com\fasterxml\jackson\core\jackson-databind\2.13.2.1\jackson-databind-2.13.2.1.jar;C:\Users\Munga\.m2\repository\com\fasterxml\jackson\core\jackson-annotations\2.13.2\jackson-annotations-2.13.2.jar;C:\Users\Munga\.m2\repository\com\fasterxml\jackson\core\jackson-core\2.13.2\jackson-core-2.13.2.jar;C:\Users\Munga\Documents\USB Drive\data-access\primary-source\target\primary-source-1.0-SNAPSHOT.jar;C:\Users\Munga\Documents\USB Drive\data-access\projects\logging\target\logging-1.0-SNAPSHOT.jar;C:\Users\Munga\.m2\repository\org\jboss\arquillian\core\arquillian-core-api\1.7.0.Alpha13\arquillian-core-api-1.7.0.Alpha13.jar;C:\Users\Munga\.m2\repository\org\jboss\arquillian\core\arquillian-core-impl-base\1.7.0.Alpha13\arquillian-core-impl-base-1.7.0.Alpha13.jar;C:\Users\Munga\.m2\repository\org\jboss\arquillian\core\arquillian-core-spi\1.7.0.Alpha13\arquillian-core-spi-1.7.0.Alpha13.jar;C:\Users\Munga\.m2\repository\org\jboss\arquillian\test\arquillian-test-impl-base\1.7.0.Alpha13\arquillian-test-impl-base-1.7.0.Alpha13.jar;C:\Users\Munga\.m2\repository\org\jboss\arquillian\test\arquillian-test-api\1.7.0.Alpha13\arquillian-test-api-1.7.0.Alpha13.jar;C:\Users\Munga\.m2\repository\org\jboss\arquillian\test\arquillian-test-spi\1.7.0.Alpha13\arquillian-test-spi-1.7.0.Alpha13.jar;C:\Users\Munga\.m2\repository\org\jboss\arquillian\container\arquillian-container-test-api\1.7.0.Alpha13\arquillian-container-test-api-1.7.0.Alpha13.jar;C:\Users\Munga\.m2\repository\org\jboss\shrinkwrap\descriptors\shrinkwrap-descriptors-api-base\2.0.0\shrinkwrap-descriptors-api-base-2.0.0.jar;C:\Users\Munga\.m2\repository\org\jboss\arquillian\container\arquillian-container-test-spi\1.7.0.Alpha13\arquillian-container-test-spi-1.7.0.Alpha13.jar;C:\Users\Munga\.m2\repository\org\jboss\arquillian\container\arquillian-container-test-impl-base\1.7.0.Alpha13\arquillian-container-test-impl-base-1.7.0.Alpha13.jar;C:\Users\Munga\.m2\repository\org\jboss\arquillian\container\arquillian-container-spi\1.7.0.Alpha13\arquillian-container-spi-1.7.0.Alpha13.jar;C:\Users\Munga\.m2\repository\org\jboss\arquillian\config\arquillian-config-api\1.7.0.Alpha13\arquillian-config-api-1.7.0.Alpha13.jar;C:\Users\Munga\.m2\repository\org\jboss\arquillian\config\arquillian-config-spi\1.7.0.Alpha13\arquillian-config-spi-1.7.0.Alpha13.jar;C:\Users\Munga\.m2\repository\org\jboss\arquillian\config\arquillian-config-impl-base\1.7.0.Alpha13\arquillian-config-impl-base-1.7.0.Alpha13.jar;C:\Users\Munga\.m2\repository\org\jboss\shrinkwrap\descriptors\shrinkwrap-descriptors-spi\2.0.0\shrinkwrap-descriptors-spi-2.0.0.jar;C:\Users\Munga\.m2\repository\org\jboss\arquillian\junit\arquillian-junit-core\1.7.0.Alpha13\arquillian-junit-core-1.7.0.Alpha13.jar;C:\Users\Munga\.m2\repository\org\jboss\arquillian\junit\arquillian-junit-container\1.7.0.Alpha13\arquillian-junit-container-1.7.0.Alpha13.jar;C:\Users\Munga\.m2\repository\org\jboss\arquillian\container\arquillian-container-impl-base\1.7.0.Alpha13\arquillian-container-impl-base-1.7.0.Alpha13.jar;C:\Users\Munga\.m2\repository\org\jboss\shrinkwrap\shrinkwrap-impl-base\1.2.6\shrinkwrap-impl-base-1.2.6.jar;C:\Users\Munga\.m2\repository\org\jboss\shrinkwrap\shrinkwrap-api\1.2.6\shrinkwrap-api-1.2.6.jar;C:\Users\Munga\.m2\repository\org\jboss\shrinkwrap\shrinkwrap-spi\2.0.0-beta-1\shrinkwrap-spi-2.0.0-beta-1.jar;C:\Users\Munga\.m2\repository\org\jboss\arquillian\container\arquillian-glassfish-managed-6\1.0.0.Alpha1\arquillian-glassfish-managed-6-1.0.0.Alpha1.jar;C:\Users\Munga\.m2\repository\jakarta\servlet\jakarta.servlet-api\5.0.0-M1\jakarta.servlet-api-5.0.0-M1.jar;C:\Users\Munga\.m2\repository\org\jboss\arquillian\container\arquillian-glassfish6-common\1.0.0.Alpha1\arquillian-glassfish6-common-1.0.0.Alpha1.jar;C:\Users\Munga\.m2\repository\org\glassfish\jersey\media\jersey-media-multipart\3.0.0-M4\jersey-media-multipart-3.0.0-M4.jar;C:\Users\Munga\.m2\repository\org\jvnet\mimepull\mimepull\1.9.13\mimepull-1.9.13.jar;C:\Users\Munga\.m2\repository\org\jboss\arquillian\protocol\arquillian-protocol-servlet-jakarta\1.7.0.Alpha2\arquillian-protocol-servlet-jakarta-1.7.0.Alpha2.jar;C:\Users\Munga\.m2\repository\org\jboss\arquillian\testenricher\arquillian-testenricher-cdi-jakarta\1.7.0.Alpha2\arquillian-testenricher-cdi-jakarta-1.7.0.Alpha2.jar;C:\Users\Munga\.m2\repository\org\jboss\arquillian\testenricher\arquillian-testenricher-ejb-jakarta\1.7.0.Alpha2\arquillian-testenricher-ejb-jakarta-1.7.0.Alpha2.jar;C:\Users\Munga\.m2\repository\org\jboss\arquillian\testenricher\arquillian-testenricher-resource-jakarta\1.7.0.Alpha2\arquillian-testenricher-resource-jakarta-1.7.0.Alpha2.jar;C:\Users\Munga\.m2\repository\org\jboss\arquillian\testenricher\arquillian-testenricher-initialcontext\1.7.0.Alpha2\arquillian-testenricher-initialcontext-1.7.0.Alpha2.jar;C:\Users\Munga\.m2\repository\org\mockito\mockito-all\1.9.5\mockito-all-1.9.5.jar;C:\Users\Munga\.m2\repository\junit\junit\4.12\junit-4.12.jar;C:\Users\Munga\.m2\repository\org\hamcrest\hamcrest-core\1.3\hamcrest-core-1.3.jar;C:\Users\Munga\.m2\repository\javax\javaee-api\8.0.1-b5\javaee-api-8.0.1-b5.jar;C:\Users\Munga\.m2\repository\com\sun\mail\javax.mail\1.6.2\javax.mail-1.6.2.jar;C:\Users\Munga\.m2\repository\javax\activation\activation\1.1\activation-1.1.jar;"/>
    <property name="sun.cpu.endian" value="little"/>
    <property name="env.COMSPEC" value="C:\WINDOWS\system32\cmd.exe"/>
    <property name="user.home" value="C:\Users\Munga"/>
    <property name="user.language" value="en"/>
    <property name="env.JAVACMD" value="C:\Program Files\Java\jdk-18.0.2.1\bin\java.exe"/>
    <property name="env.ALLUSERSPROFILE" value="C:\ProgramData"/>
    <property name="env.SESSIONNAME" value="Console"/>
    <property name="env.MAVEN_HOME" value="C:\Users\Munga\apache-maven-3.8.6"/>
    <property name="surefire.real.class.path" value="C:\Users\Munga\AppData\Local\Temp\surefire1590453529074627350\surefirebooter-20221204131044317_3.jar"/>
    <property name="env.ANT_HOME" value="C:\Users\Munga\apache-ant-1.10.12"/>
    <property name="env.WDIR" value="C:\"/>
    <property name="path.separator" value=";"/>
    <property name="env.=C:" value="C:\Users\Munga\Documents\USB Drive\data-access\ejbs"/>
    <property name="os.version" value="10.0"/>
    <property name="java.runtime.name" value="Java(TM) SE Runtime Environment"/>
    <property name="env.CLASSWORLDS_LAUNCHER" value="org.codehaus.plexus.classworlds.launcher.Launcher"/>
    <property name="env.PATHEXT" value=".COM;.EXE;.BAT;.CMD;.VBS;.VBE;.JS;.JSE;.WSF;.WSH;.MSC"/>
    <property name="java.vm.name" value="Java HotSpot(TM) 64-Bit Server VM"/>
    <property name="env.COMMONPROGRAMFILES(X86)" value="C:\Program Files (x86)\Common Files"/>
    <property name="java.vendor.url.bug" value="https://bugreport.java.com/bugreport/"/>
    <property name="env.MAVEN_CMD_LINE_ARGS" value="clean install -X -U"/>
    <property name="user.dir" value="C:\Users\Munga\Documents\USB Drive\data-access\ejbs"/>
    <property name="os.arch" value="amd64"/>
    <property name="env.USERNAME" value="Munga"/>
    <property name="env.MAVEN_PROJECTBASEDIR" value="C:\Users\Munga\Documents\USB Drive\data-access"/>
    <property name="java.vm.info" value="mixed mode, sharing"/>
    <property name="java.vm.version" value="18.0.2.1+1-1"/>
    <property name="env.FPS_BROWSER_USER_PROFILE_STRING" value="Default"/>
    <property name="env.TEMP" value="C:\Users\Munga\AppData\Local\Temp"/>
    <property name="java.class.version" value="62.0"/>
  </properties>
  <testcase name="" classname="com.studinstructor.services.StudentServiceTest" time="0.014">
    <error message="The property glassFishHome must be specified or the GLASSFISH_HOME environment variable must be set" type="java.lang.IllegalArgumentException"><![CDATA[java.lang.IllegalArgumentException: The property glassFishHome must be specified or the GLASSFISH_HOME environment variable must be set
	at org.jboss.arquillian.container.spi.client.deployment.Validate.notNull(Validate.java:87)
	at org.jboss.arquillian.container.glassfish.managed_6.GlassFishManagedContainerConfiguration.validate(GlassFishManagedContainerConfiguration.java:133)
	at org.jboss.arquillian.container.impl.ContainerImpl.createDeployableConfiguration(ContainerImpl.java:110)
	at org.jboss.arquillian.container.impl.ContainerImpl.setup(ContainerImpl.java:165)
	at org.jboss.arquillian.container.impl.client.container.ContainerLifecycleController$7.perform(ContainerLifecycleController.java:127)
	at org.jboss.arquillian.container.impl.client.container.ContainerLifecycleController$7.perform(ContainerLifecycleController.java:124)
	at org.jboss.arquillian.container.impl.client.container.ContainerLifecycleController.forContainer(ContainerLifecycleController.java:208)
	at org.jboss.arquillian.container.impl.client.container.ContainerLifecycleController.setupContainer(ContainerLifecycleController.java:124)
	at java.base/jdk.internal.reflect.DirectMethodHandleAccessor.invoke(DirectMethodHandleAccessor.java:104)
	at java.base/java.lang.reflect.Method.invoke(Method.java:577)
	at org.jboss.arquillian.core.impl.ObserverImpl.invoke(ObserverImpl.java:86)
	at org.jboss.arquillian.core.impl.EventContextImpl.invokeObservers(EventContextImpl.java:103)
	at org.jboss.arquillian.core.impl.EventContextImpl.proceed(EventContextImpl.java:90)
	at org.jboss.arquillian.container.impl.client.ContainerDeploymentContextHandler.createContainerContext(ContainerDeploymentContextHandler.java:54)
	at java.base/jdk.internal.reflect.DirectMethodHandleAccessor.invoke(DirectMethodHandleAccessor.java:104)
	at java.base/java.lang.reflect.Method.invoke(Method.java:577)
	at org.jboss.arquillian.core.impl.ObserverImpl.invoke(ObserverImpl.java:86)
	at org.jboss.arquillian.core.impl.EventContextImpl.proceed(EventContextImpl.java:95)
	at org.jboss.arquillian.core.impl.ManagerImpl.fire(ManagerImpl.java:133)
	at org.jboss.arquillian.core.impl.ManagerImpl.fire(ManagerImpl.java:105)
	at org.jboss.arquillian.core.impl.EventImpl.fire(EventImpl.java:62)
	at org.jboss.arquillian.container.impl.client.container.ContainerLifecycleController$1.perform(ContainerLifecycleController.java:58)
	at org.jboss.arquillian.container.impl.client.container.ContainerLifecycleController$1.perform(ContainerLifecycleController.java:52)
	at org.jboss.arquillian.container.impl.client.container.ContainerLifecycleController.forEachContainer(ContainerLifecycleController.java:172)
	at org.jboss.arquillian.container.impl.client.container.ContainerLifecycleController.setupContainers(ContainerLifecycleController.java:52)
	at java.base/jdk.internal.reflect.DirectMethodHandleAccessor.invoke(DirectMethodHandleAccessor.java:104)
	at java.base/java.lang.reflect.Method.invoke(Method.java:577)
	at org.jboss.arquillian.core.impl.ObserverImpl.invoke(ObserverImpl.java:86)
	at org.jboss.arquillian.core.impl.EventContextImpl.invokeObservers(EventContextImpl.java:103)
	at org.jboss.arquillian.core.impl.EventContextImpl.proceed(EventContextImpl.java:90)
	at org.jboss.arquillian.core.impl.ManagerImpl.fire(ManagerImpl.java:133)
	at org.jboss.arquillian.core.impl.ManagerImpl.fire(ManagerImpl.java:105)
	at org.jboss.arquillian.core.impl.EventImpl.fire(EventImpl.java:62)
	at org.jboss.arquillian.container.test.impl.client.ContainerEventController.execute(ContainerEventController.java:82)
	at java.base/jdk.internal.reflect.DirectMethodHandleAccessor.invoke(DirectMethodHandleAccessor.java:104)
	at java.base/java.lang.reflect.Method.invoke(Method.java:577)
	at org.jboss.arquillian.core.impl.ObserverImpl.invoke(ObserverImpl.java:86)
	at org.jboss.arquillian.core.impl.EventContextImpl.invokeObservers(EventContextImpl.java:103)
	at org.jboss.arquillian.core.impl.EventContextImpl.proceed(EventContextImpl.java:90)
	at org.jboss.arquillian.test.impl.TestContextHandler.createSuiteContext(TestContextHandler.java:69)
	at java.base/jdk.internal.reflect.DirectMethodHandleAccessor.invoke(DirectMethodHandleAccessor.java:104)
	at java.base/java.lang.reflect.Method.invoke(Method.java:577)
	at org.jboss.arquillian.core.impl.ObserverImpl.invoke(ObserverImpl.java:86)
	at org.jboss.arquillian.core.impl.EventContextImpl.proceed(EventContextImpl.java:95)
	at org.jboss.arquillian.core.impl.ManagerImpl.fire(ManagerImpl.java:133)
	at org.jboss.arquillian.core.impl.ManagerImpl.fire(ManagerImpl.java:105)
	at org.jboss.arquillian.test.impl.EventTestRunnerAdaptor.beforeSuite(EventTestRunnerAdaptor.java:71)
	at org.jboss.arquillian.junit.AdaptorManager.initializeAdaptor(AdaptorManager.java:23)
	at org.jboss.arquillian.junit.AdaptorManagerWithNotifier.initializeAdaptor(AdaptorManagerWithNotifier.java:19)
	at org.jboss.arquillian.junit.Arquillian.run(Arquillian.java:109)
	at org.junit.runners.Suite.runChild(Suite.java:128)
	at org.junit.runners.Suite.runChild(Suite.java:27)
	at org.junit.runners.ParentRunner$3.run(ParentRunner.java:290)
	at org.junit.runners.ParentRunner$1.schedule(ParentRunner.java:71)
	at org.junit.runners.ParentRunner.runChildren(ParentRunner.java:288)
	at org.junit.runners.ParentRunner.access$000(ParentRunner.java:58)
	at org.junit.runners.ParentRunner$2.evaluate(ParentRunner.java:268)
	at org.junit.runners.ParentRunner.run(ParentRunner.java:363)
	at org.apache.maven.surefire.junitcore.JUnitCore.run(JUnitCore.java:55)
	at org.apache.maven.surefire.junitcore.JUnitCoreWrapper.createRequestAndRun(JUnitCoreWrapper.java:137)
	at org.apache.maven.surefire.junitcore.JUnitCoreWrapper.executeEager(JUnitCoreWrapper.java:107)
	at org.apache.maven.surefire.junitcore.JUnitCoreWrapper.execute(JUnitCoreWrapper.java:83)
	at org.apache.maven.surefire.junitcore.JUnitCoreWrapper.execute(JUnitCoreWrapper.java:75)
	at org.apache.maven.surefire.junitcore.JUnitCoreProvider.invoke(JUnitCoreProvider.java:158)
	at org.apache.maven.surefire.booter.ForkedBooter.runSuitesInProcess(ForkedBooter.java:456)
	at org.apache.maven.surefire.booter.ForkedBooter.execute(ForkedBooter.java:169)
	at org.apache.maven.surefire.booter.ForkedBooter.run(ForkedBooter.java:595)
	at org.apache.maven.surefire.booter.ForkedBooter.main(ForkedBooter.java:581)
]]></error>
  </testcase>
</testsuite>